150
4
117
143
119
114
118
63
91
135
27
24
126
7
146
51
95
183
55
190
106
103
87
184
170
49
152
107
165
65
148
141
120
1
88
77
31
182
111
86
76
193
113
52
72
89
8
79
123
22
173
21
160
163
180
161
159
20
41
156
121
96
44
78
9
157
179
37
45
144
56
125
84
132
3
174
14
169
196
23
93
35
28
54
80
6
171
39
198
97
61
176
131
186
140
177
82
199
83
59
200
46
19
69
137
11
181
64
68
73
50
128
34
191
139
58
13
16
194
17
67
154
26
142
178
47
175
98
189
53
12
124
33
195
168
85
43
71
105
38
129
158
136
36
104
48
145
42
192
75
110
138
164
185
99
122
18
133
29
92
147
66
112
81
2
166
188
94
100
197
116
10
134
127
109
153
74
57
32
62
167
101
108
60
162
90
5
172
187
115
155
130
40
149
25
15
70
30
151
102
