5
11
13
9
4
14
6
12
8
10
21
7
17
15
24
18
16
20
46
19
22
39
23
27
33
25
26
29
28
30
31
35
32
36
34
38
37
41
40
42
47
43
52
44
45
50
48
58
64
49
54
51
53
55
61
56
60
57
59
63
68
62
66
67
72
65
77
69
81
70
71
3
73
74
75
79
76
78
86
84
80
82
83
87
93
85
91
88
89
90
105
94
92
97
95
96
98
106
102
99
100
101
104
103
2
107
109
108
111
119
110
113
112
116
114
115
122
117
118
121
120
128
123
125
124
133
126
127
129
131
130
136
132
139
134
135
137
138
140
1
143
141
142
144
145
146
147
148
151
149
150
152
153
158
154
155
156
157
163
159
160
161
162
166
164
165
167
169
168
170
171
173
172
174
175
176
177
178
180
179
