1
30
13
2
4
5
14
9
7
6
16
15
11
8
12
10
18
17
22
185
189
21
97
20
23
63
19
98
82
25
43
24
181
133
92
33
71
85
40
60
58
50
31
72
26
27
75
35
37
48
49
29
28
59
36
188
32
96
34
38
151
46
102
129
39
56
41
42
67
106
44
45
143
168
137
51
47
120
186
149
150
54
148
134
55
86
144
65
61
141
94
52
99
140
69
53
171
80
74
195
62
66
91
78
139
131
166
105
100
89
157
109
88
164
180
127
160
103
57
95
70
90
145
83
158
64
104
142
146
153
194
125
123
68
170
101
76
77
111
79
119
184
87
126
115
161
81
118
136
112
124
172
159
84
187
117
93
114
198
107
132
108
116
110
135
113
154
121
122
73
128
130
147
3
169
191
199
138
173
178
190
183
162
174
152
163
193
155
197
177
196
176
192
156
179
175
200
182
165
167
