23
5
2
3
70
24
10
67
12
7
11
95
42
28
25
19
20
15
13
16
44
36
21
38
18
34
26
30
29
22
74
51
37
41
39
31
49
32
33
83
43
76
72
52
46
35
40
92
122
48
148
57
106
162
45
99
58
64
137
84
53
47
97
60
63
50
55
109
54
56
77
62
93
61
66
82
135
94
159
139
133
73
65
86
69
68
127
90
71
120
79
75
78
80
89
87
81
101
85
96
98
88
100
103
147
91
119
117
102
104
118
170
105
110
125
108
107
112
113
111
164
114
124
115
116
136
121
126
149
123
163
165
128
142
130
129
131
132
134
144
138
140
141
143
146
145
156
151
150
153
152
155
154
166
157
158
160
161
