187
67
143
153
196
152
107
177
46
16
90
175
155
40
148
169
164
49
32
189
100
134
84
70
69
136
200
194
85
195
139
1
110
98
64
176
59
63
4
27
142
52
72
7
86
17
128
5
151
199
97
36
81
60
179
93
29
118
102
156
133
71
124
34
135
23
131
159
92
57
24
106
137
182
192
13
3
39
117
111
28
10
162
160
173
38
109
15
18
12
165
121
158
42
14
122
125
188
190
161
113
193
21
55
80
68
172
141
154
96
35
20
44
149
191
129
178
103
170
61
79
99
45
183
120
53
30
144
31
56
126
65
163
138
50
19
26
147
198
25
88
145
108
168
