200
125
61
49
183
109
79
50
51
29
106
17
2
113
176
198
133
56
83
24
81
75
41
155
5
95
114
20
105
185
28
196
38
156
40
11
173
179
128
171
124
102
35
80
42
119
62
178
122
129
130
90
153
123
100
94
22
55
10
66
149
7
165
180
15
1
58
85
82
73
52
111
141
44
182
112
26
9
99
48
193
96
13
43
190
16
126
148
188
64
45
86
87
131
161
69
159
101
74
72
152
168
154
121
93
158
140
110
36
18
138
197
115
117
60
166
63
108
142
151
8
132
116
6
167
65
92
150
57
27
147
14
162
136
164
98
76
169
181
187
107
30
103
32
127
157
172
71
177
31
192
68
89
118
160
33
97
146
67
163
84
37
170
184
191
59
39
54
46
53
70
12
91
144
135
34
175
143
4
25
19
189
145
195
78
47
120
104
21
199
194
174
88
3
137
77
139
23
186
134
