140
92
157
127
72
81
150
64
89
195
167
106
183
105
108
174
80
116
62
156
63
55
152
48
154
143
170
47
180
135
198
58
149
102
130
196
118
90
91
142
97
53
51
68
104
165
181
77
1
82
94
186
88
133
109
3
100
145
148
103
85
153
197
117
83
52
141
65
120
169
110
193
61
136
200
111
98
146
160
187
69
44
99
184
194
144
199
15
188
45
126
179
162
20
54
84
86
43
74
112
57
189
66
56
128
137
14
19
71
107
26
87
190
166
172
42
168
191
122
96
185
161
182
49
132
78
177
125
24
17
138
173
67
119
131
139
18
129
37
164
113
155
159
36
70
50
75
60
2
35
192
123
73
134
5
33
101
147
4
151
114
11
158
124
27
115
176
32
6
40
21
13
59
178
95
46
41
76
121
10
163
31
171
25
175
38
23
12
8
7
34
79
28
30
39
9
22
93
29
16
