182
81
186
63
86
60
130
192
58
180
171
55
191
160
97
92
47
133
144
185
127
80
129
85
167
158
163
195
155
161
121
90
52
119
135
79
172
132
197
125
152
62
108
72
184
103
188
200
194
196
1
96
145
177
147
69
68
157
77
37
91
94
76
176
10
59
43
82
102
179
162
169
64
187
56
45
3
54
126
174
151
100
107
136
78
128
51
150
84
146
74
71
73
20
109
199
93
114
57
113
139
189
153
148
190
168
120
164
66
134
118
14
159
104
48
89
181
175
117
46
165
26
49
166
122
70
170
65
36
112
61
141
53
116
67
42
156
123
15
173
105
2
19
35
44
18
111
124
95
5
154
143
17
110
24
106
27
137
88
87
33
11
40
31
142
6
198
115
131
99
101
32
138
183
193
50
140
30
21
83
178
98
12
75
149
38
34
8
25
41
29
39
23
9
7
22
28
4
13
16
